<?xml version="1.0" encoding="UTF-8"?>
<!-- Generated by org.testng.reporters.JUnitReportReporter -->
<testsuite hostname="Sharanyas-MacBook-Pro.local" failures="0" tests="1" name="com.walmart.testCases.TC_Signout_001" time="3.805" errors="0" timestamp="22 May 2022 03:56:02 GMT" skipped="0">
  <testcase classname="com.walmart.testCases.TC_Signout_001" name="clickSignoutLink" time="3.805"/>
</testsuite> <!-- com.walmart.testCases.TC_Signout_001 -->
