<?xml version="1.0" encoding="UTF-8"?>
<!-- Generated by org.testng.reporters.JUnitReportReporter -->
<testsuite hostname="Sharanyas-MacBook-Pro.local" failures="0" tests="2" name="com.walmart.testCases.TC_Recommendations_001" time="4.334" errors="0" timestamp="21 May 2022 22:26:47 GMT" skipped="0">
  <testcase classname="com.walmart.testCases.TC_Recommendations_001" name="checkRecommendationsLink" time="1.413"/>
  <testcase classname="com.walmart.testCases.TC_Recommendations_001" name="clickRecommendationLink" time="2.921"/>
</testsuite> <!-- com.walmart.testCases.TC_Recommendations_001 -->
