<?xml version="1.0" encoding="UTF-8"?>
<!-- Generated by org.testng.reporters.JUnitReportReporter -->
<testsuite hostname="Sharanyas-MacBook-Pro.local" failures="0" tests="3" name="com.walmart.testCases.TC_Address_001" time="26.910" errors="0" timestamp="22 May 2022 03:49:19 GMT" skipped="0">
  <testcase classname="com.walmart.testCases.TC_Address_001" name="editAddress" time="10.069"/>
  <testcase classname="com.walmart.testCases.TC_Address_001" name="removeAddress" time="6.795"/>
  <testcase classname="com.walmart.testCases.TC_Address_001" name="addAddress" time="10.046"/>
</testsuite> <!-- com.walmart.testCases.TC_Address_001 -->
