<?xml version="1.0" encoding="UTF-8"?>
<!-- Generated by org.testng.reporters.JUnitReportReporter -->
<testsuite hostname="Sharanyas-MacBook-Pro.local" failures="0" tests="2" name="com.walmart.testCases.TC_Communication_001" time="8.177" errors="0" timestamp="21 May 2022 23:08:31 GMT" skipped="0">
  <testcase classname="com.walmart.testCases.TC_Communication_001" name="checkTextLink" time="4.065"/>
  <testcase classname="com.walmart.testCases.TC_Communication_001" name="checkEmailLink" time="4.112"/>
</testsuite> <!-- com.walmart.testCases.TC_Communication_001 -->
