<?xml version="1.0" encoding="UTF-8"?>
<!-- Generated by org.testng.reporters.JUnitReportReporter -->
<testsuite hostname="Sharanyas-MacBook-Pro.local" failures="0" tests="1" name="com.walmart.testCases.TC_Subscription_001" time="5.848" errors="0" timestamp="21 May 2022 22:46:19 GMT" skipped="0">
  <testcase classname="com.walmart.testCases.TC_Subscription_001" name="clickSubscriptionLink" time="5.848"/>
</testsuite> <!-- com.walmart.testCases.TC_Subscription_001 -->
